d:\mydemo\qtproject\saribbon-master\src\saribbonbar\x64\debug\saribbonapplicationbutton.obj
d:\mydemo\qtproject\saribbon-master\src\saribbonbar\x64\debug\saribboncategory.obj
d:\mydemo\qtproject\saribbon-master\src\saribbonbar\x64\debug\saribboncontextcategory.obj
d:\mydemo\qtproject\saribbon-master\src\saribbonbar\x64\debug\saribbonelementmanager.obj
d:\mydemo\qtproject\saribbon-master\src\saribbonbar\x64\debug\saribbongallery.obj
d:\mydemo\qtproject\saribbon-master\src\saribbonbar\x64\debug\saribbonmainwindow.obj
d:\mydemo\qtproject\saribbon-master\src\saribbonbar\x64\debug\saribbonquickaccessbar.obj
d:\mydemo\qtproject\saribbon-master\src\saribbonbar\x64\debug\saribbontoolbutton.obj
d:\mydemo\qtproject\saribbon-master\src\saribbonbar\x64\debug\framelesshelper.obj
d:\mydemo\qtproject\saribbon-master\src\saribbonbar\x64\debug\saribboncategorylayout.obj
d:\mydemo\qtproject\saribbon-master\src\saribbonbar\x64\debug\saribboncontrolbutton.obj
d:\mydemo\qtproject\saribbon-master\src\saribbonbar\x64\debug\saribbonelementcreatedelegate.obj
d:\mydemo\qtproject\saribbon-master\src\saribbonbar\x64\debug\saribbonlineedit.obj
d:\mydemo\qtproject\saribbon-master\src\saribbonbar\x64\debug\saribbonpanneloptionbutton.obj
d:\mydemo\qtproject\saribbon-master\src\saribbonbar\x64\debug\saribbonstackedwidget.obj
d:\mydemo\qtproject\saribbon-master\src\saribbonbar\x64\debug\customdockwidget.obj
d:\mydemo\qtproject\saribbon-master\src\saribbonbar\x64\debug\saribbonbuttongroupwidget.obj
d:\mydemo\qtproject\saribbon-master\src\saribbonbar\x64\debug\saribboncombobox.obj
d:\mydemo\qtproject\saribbon-master\src\saribbonbar\x64\debug\saribbondrawhelper.obj
d:\mydemo\qtproject\saribbon-master\src\saribbonbar\x64\debug\saribbongalleryitem.obj
d:\mydemo\qtproject\saribbon-master\src\saribbonbar\x64\debug\saribbonpannel.obj
d:\mydemo\qtproject\saribbon-master\src\saribbonbar\x64\debug\saribbontabbar.obj
d:\mydemo\qtproject\saribbon-master\src\saribbonbar\x64\debug\saribbonbar.obj
d:\mydemo\qtproject\saribbon-master\src\saribbonbar\x64\debug\saribboncheckbox.obj
d:\mydemo\qtproject\saribbon-master\src\saribbonbar\x64\debug\saribbonctrlcontainer.obj
d:\mydemo\qtproject\saribbon-master\src\saribbonbar\x64\debug\saribbongallerygroup.obj
d:\mydemo\qtproject\saribbon-master\src\saribbonbar\x64\debug\saribbonmenu.obj
d:\mydemo\qtproject\saribbon-master\src\saribbonbar\x64\debug\saribbonseparatorwidget.obj
d:\mydemo\qtproject\saribbon-master\src\saribbonbar\x64\debug\sawindowbuttongroup.obj
d:\mydemo\qtproject\saribbon-master\src\saribbonbar\x64\debug\vc140.pdb
d:\mydemo\qtproject\saribbon-master\src\saribbonbar\x64\debug\moc_saribbonapplicationbutton.obj
d:\mydemo\qtproject\saribbon-master\src\saribbonbar\x64\debug\moc_customdockwidget.obj
d:\mydemo\qtproject\saribbon-master\src\saribbonbar\x64\debug\moc_saribboncontrolbutton.obj
d:\mydemo\qtproject\saribbon-master\src\saribbonbar\x64\debug\moc_saribbonlineedit.obj
d:\mydemo\qtproject\saribbon-master\src\saribbonbar\x64\debug\moc_saribbonpanneloptionbutton.obj
d:\mydemo\qtproject\saribbon-master\src\saribbonbar\x64\debug\moc_saribbontabbar.obj
d:\mydemo\qtproject\saribbon-master\src\saribbonbar\x64\debug\moc_framelesshelper.obj
d:\mydemo\qtproject\saribbon-master\src\saribbonbar\x64\debug\moc_saribboncategory.obj
d:\mydemo\qtproject\saribbon-master\src\saribbonbar\x64\debug\moc_saribboncontextcategory.obj
d:\mydemo\qtproject\saribbon-master\src\saribbonbar\x64\debug\moc_saribbongallerygroup.obj
d:\mydemo\qtproject\saribbon-master\src\saribbonbar\x64\debug\moc_saribbonquickaccessbar.obj
d:\mydemo\qtproject\saribbon-master\src\saribbonbar\x64\debug\moc_saribbontoolbutton.obj
d:\mydemo\qtproject\saribbon-master\src\saribbonbar\x64\debug\qrc_resource.obj
d:\mydemo\qtproject\saribbon-master\src\saribbonbar\x64\debug\moc_saribbonbuttongroupwidget.obj
d:\mydemo\qtproject\saribbon-master\src\saribbonbar\x64\debug\moc_saribboncheckbox.obj
d:\mydemo\qtproject\saribbon-master\src\saribbonbar\x64\debug\moc_saribbonctrlcontainer.obj
d:\mydemo\qtproject\saribbon-master\src\saribbonbar\x64\debug\moc_saribbonmainwindow.obj
d:\mydemo\qtproject\saribbon-master\src\saribbonbar\x64\debug\moc_saribbonpannel.obj
d:\mydemo\qtproject\saribbon-master\src\saribbonbar\x64\debug\moc_saribbonstackedwidget.obj
d:\mydemo\qtproject\saribbon-master\src\saribbonbar\x64\debug\moc_saribbonbar.obj
d:\mydemo\qtproject\saribbon-master\src\saribbonbar\x64\debug\moc_saribboncombobox.obj
d:\mydemo\qtproject\saribbon-master\src\saribbonbar\x64\debug\moc_saribbongallery.obj
d:\mydemo\qtproject\saribbon-master\src\saribbonbar\x64\debug\moc_saribbonmenu.obj
d:\mydemo\qtproject\saribbon-master\src\saribbonbar\x64\debug\moc_saribbonseparatorwidget.obj
d:\mydemo\qtproject\saribbon-master\src\saribbonbar\x64\debug\moc_sawindowbuttongroup.obj
d:\mydemo\qtproject\saribbon-master\src\saribbonbar\x64\debug\saribbonstatusbar.obj
d:\mydemo\qtproject\saribbon-master\src\saribbonbar\x64\debug\moc_saribbonstatusbar.obj
d:\mydemo\qtproject\saribbon-master\src\saribbonbar\debug\moc_predefs.h
d:\mydemo\qtproject\saribbon-master\bin_qt5.12.7_debug\saribbonbar.ilk
d:\mydemo\qtproject\saribbon-master\bin_qt5.12.7_debug\saribbonbar.dll
d:\mydemo\qtproject\saribbon-master\bin_qt5.12.7_debug\saribbonbar.pdb
d:\mydemo\qtproject\saribbon-master\src\saribbonbar\debug\moc_framelesshelper.cpp
d:\mydemo\qtproject\saribbon-master\src\saribbonbar\debug\moc_saribbonapplicationbutton.cpp
d:\mydemo\qtproject\saribbon-master\src\saribbonbar\debug\moc_saribbonbar.cpp
d:\mydemo\qtproject\saribbon-master\src\saribbonbar\debug\moc_saribbonbuttongroupwidget.cpp
d:\mydemo\qtproject\saribbon-master\src\saribbonbar\debug\moc_saribboncategory.cpp
d:\mydemo\qtproject\saribbon-master\src\saribbonbar\debug\moc_customdockwidget.cpp
d:\mydemo\qtproject\saribbon-master\src\saribbonbar\debug\moc_saribboncheckbox.cpp
d:\mydemo\qtproject\saribbon-master\src\saribbonbar\debug\moc_saribboncombobox.cpp
d:\mydemo\qtproject\saribbon-master\src\saribbonbar\debug\moc_saribboncontextcategory.cpp
d:\mydemo\qtproject\saribbon-master\src\saribbonbar\debug\moc_saribboncontrolbutton.cpp
d:\mydemo\qtproject\saribbon-master\src\saribbonbar\debug\moc_saribbonctrlcontainer.cpp
d:\mydemo\qtproject\saribbon-master\src\saribbonbar\debug\moc_saribbongallery.cpp
d:\mydemo\qtproject\saribbon-master\src\saribbonbar\debug\moc_saribbongallerygroup.cpp
d:\mydemo\qtproject\saribbon-master\src\saribbonbar\debug\moc_saribbonlineedit.cpp
d:\mydemo\qtproject\saribbon-master\src\saribbonbar\debug\moc_saribbonmainwindow.cpp
d:\mydemo\qtproject\saribbon-master\src\saribbonbar\debug\moc_saribbonmenu.cpp
d:\mydemo\qtproject\saribbon-master\src\saribbonbar\debug\moc_saribbonpannel.cpp
d:\mydemo\qtproject\saribbon-master\src\saribbonbar\debug\moc_saribbonpanneloptionbutton.cpp
d:\mydemo\qtproject\saribbon-master\src\saribbonbar\debug\moc_saribbonquickaccessbar.cpp
d:\mydemo\qtproject\saribbon-master\src\saribbonbar\debug\moc_saribbonseparatorwidget.cpp
d:\mydemo\qtproject\saribbon-master\src\saribbonbar\debug\moc_saribbonstackedwidget.cpp
d:\mydemo\qtproject\saribbon-master\src\saribbonbar\debug\moc_saribbontabbar.cpp
d:\mydemo\qtproject\saribbon-master\src\saribbonbar\debug\moc_saribbontoolbutton.cpp
d:\mydemo\qtproject\saribbon-master\src\saribbonbar\debug\moc_sawindowbuttongroup.cpp
d:\mydemo\qtproject\saribbon-master\src\saribbonbar\debug\moc_saribbonstatusbar.cpp
d:\mydemo\qtproject\saribbon-master\src\saribbonbar\debug\qrc_resource.cpp
d:\mydemo\qtproject\saribbon-master\bin_qt5.12.7_debug\saribbonbar.lib
d:\mydemo\qtproject\saribbon-master\bin_qt5.12.7_debug\saribbonbar.exp
d:\mydemo\qtproject\saribbon-master\src\saribbonbar\..\..\bin_qt5.12.7_debug\saribbonbar.dll
d:\mydemo\qtproject\saribbon-master\src\saribbonbar\x64\debug\saribbonbar.tlog\cl.command.1.tlog
d:\mydemo\qtproject\saribbon-master\src\saribbonbar\x64\debug\saribbonbar.tlog\cl.read.1.tlog
d:\mydemo\qtproject\saribbon-master\src\saribbonbar\x64\debug\saribbonbar.tlog\cl.write.1.tlog
d:\mydemo\qtproject\saribbon-master\src\saribbonbar\x64\debug\saribbonbar.tlog\custombuild.command.1.tlog
d:\mydemo\qtproject\saribbon-master\src\saribbonbar\x64\debug\saribbonbar.tlog\custombuild.read.1.tlog
d:\mydemo\qtproject\saribbon-master\src\saribbonbar\x64\debug\saribbonbar.tlog\custombuild.write.1.tlog
d:\mydemo\qtproject\saribbon-master\src\saribbonbar\x64\debug\saribbonbar.tlog\link.command.1.tlog
d:\mydemo\qtproject\saribbon-master\src\saribbonbar\x64\debug\saribbonbar.tlog\link.read.1.tlog
d:\mydemo\qtproject\saribbon-master\src\saribbonbar\x64\debug\saribbonbar.tlog\link.write.1.tlog
d:\mydemo\qtproject\saribbon-master\src\saribbonbar\x64\debug\saribbonbar.tlog\moc.read.1u.tlog
d:\mydemo\qtproject\saribbon-master\src\saribbonbar\x64\debug\saribbonbar.tlog\moc.write.1u.tlog
d:\mydemo\qtproject\saribbon-master\src\saribbonbar\x64\debug\saribbonbar.tlog\rcc.read.1u.tlog
d:\mydemo\qtproject\saribbon-master\src\saribbonbar\x64\debug\saribbonbar.tlog\rcc.write.1u.tlog
d:\mydemo\qtproject\saribbon-master\src\saribbonbar\x64\debug\saribbonbar.tlog\saribbonbar.write.1u.tlog
